#
# A fatal error has been detected by the Java Runtime Environment:
#
#  EXCEPTION_ACCESS_VIOLATION (0xc0000005) at pc=0x00007fffbbb33f97, pid=13824, tid=19368
#
# JRE version: OpenJDK Runtime Environment JBR-17.0.12+1-1207.37-nomod (17.0.12+1) (build 17.0.12+1-b1207.37)
# Java VM: OpenJDK 64-Bit Server VM JBR-17.0.12+1-1207.37-nomod (17.0.12+1-b1207.37, mixed mode, sharing, tiered, compressed oops, compressed class ptrs, g1 gc, windows-amd64)
# Problematic frame:
# V  [jvm.dll+0x3e3f97]  jni_CallVoidMethod+0xc7
#
# No core dump will be written. Minidumps are not enabled by default on client versions of Windows
#
# If you would like to submit a bug report, please visit:
#   https://youtrack.jetbrains.com/issues/JBR
#

---------------  S U M M A R Y ------------

Command Line: -javaagent:C:\Program Files\JetBrains\IntelliJ IDEA Community Edition 2024.3.1.1\lib\idea_rt.jar=60871:C:\Program Files\JetBrains\IntelliJ IDEA Community Edition 2024.3.1.1\bin -Dfile.encoding=UTF-8 Sniffer

Host: Intel(R) Core(TM) i7-10750H CPU @ 2.60GHz, 12 cores, 15G,  Windows 10 , 64 bit Build 19041 (10.0.19041.5438)
Time: Thu Feb 20 20:57:10 2025 Sri Lanka Standard Time elapsed time: 15.070733 seconds (0d 0h 0m 15s)

---------------  T H R E A D  ---------------

Current thread (0x000002d0075c9ca0):  JavaThread "Thread-1" [_thread_in_vm, id=19368, stack(0x000000ea40900000,0x000000ea40a00000)]

Stack: [0x000000ea40900000,0x000000ea40a00000],  sp=0x000000ea409ff280,  free space=1020k
Native frames: (J=compiled Java code, j=interpreted, Vv=VM code, C=native code)
V  [jvm.dll+0x3e3f97]  jni_CallVoidMethod+0xc7  (jni.cpp:1327)
C  [Jpcap.dll+0x2741]

Java frames: (J=compiled Java code, j=interpreted, Vv=VM code)
j  jpcap.JpcapCaptor.getPacket()Ljpcap/packet/Packet;+0
j  Sniffer$10$1$1.<init>(LSniffer$10$1;)V+13
j  Sniffer$10$1.run()V+47
j  java.lang.Thread.run()V+11 java.base@17.0.12
v  ~StubRoutines::call_stub

siginfo: EXCEPTION_ACCESS_VIOLATION (0xc0000005), reading address 0x0000000000000000


Registers:
RAX=0x0000000000000000, RBX=0x000000ea409ff388, RCX=0x000000ea409ff2f8, RDX=0x0000000000000000
RSP=0x000000ea409ff280, RBP=0x000002d007690840, RSI=0x000002d0075c9f58, RDI=0x000002d0075c9ca0
R8 =0x0000000000000000, R9 =0x0000000067b749cd, R10=0x00007fffbc280820, R11=0x000000ea409ff190
R12=0x000000ea409ff468, R13=0x0000000000000800, R14=0x000002d00797bb24, R15=0x0000000000000000
RIP=0x00007fffbbb33f97, EFLAGS=0x0000000000010246


Register to memory mapping:

RIP=0x00007fffbbb33f97 jvm.dll::jni_CallVoidMethod + 0xc7
RAX=0x0 is NULL
RBX=0x000000ea409ff388 is pointing into the stack for thread: 0x000002d0075c9ca0
RCX=0x000000ea409ff2f8 is pointing into the stack for thread: 0x000002d0075c9ca0
RDX=0x0 is NULL
RSP=0x000000ea409ff280 is pointing into the stack for thread: 0x000002d0075c9ca0
RBP=0x000002d007690840 points into unknown readable memory: 0x0000000711675350 | 50 53 67 11 07 00 00 00
RSI=0x000002d0075c9f58 points into unknown readable memory: 0x00007fffbc280820 | 20 08 28 bc ff 7f 00 00
RDI=0x000002d0075c9ca0 is a thread
R8 =0x0 is NULL
R9 =0x0000000067b749cd is an unknown value
R10=0x00007fffbc280820 jvm.dll::jni_NativeInterface + 0x0
R11=0x000000ea409ff190 is pointing into the stack for thread: 0x000002d0075c9ca0
R12=0x000000ea409ff468 is pointing into the stack for thread: 0x000002d0075c9ca0
R13=0x0000000000000800 is an unknown value
R14=0x000002d00797bb24 points into unknown readable memory: 06 67 31 ea
R15=0x0 is NULL


Top of Stack: (sp=0x000000ea409ff280)
0x000000ea409ff280:   0000000000000000 00000000000000b4
0x000000ea409ff290:   00009b1271d0cdb9 00007fffbbac6c09
0x000000ea409ff2a0:   000002d00796b888 00007fffe9e2384f
0x000000ea409ff2b0:   0000000000000006 000002d00797bb24
0x000000ea409ff2c0:   000002d0075c9ca0 00007fff0000000e
0x000000ea409ff2d0:   000002cfc21544e0 000002d0075c9ca0
0x000000ea409ff2e0:   0000000000000000 000002d0075c9ca0
0x000000ea409ff2f0:   0000000000000006 0000000000000800
0x000000ea409ff300:   000000ea409ff468 000002d0073c5cb0
0x000000ea409ff310:   0000000000000000 00007fffbbb304f2
0x000000ea409ff320:   000002d00797bb24 000002d0075c9ca0
0x000000ea409ff330:   00007fffea7d4464 0000000000000006
0x000000ea409ff340:   000002d00797bb24 0000000000000006
0x000000ea409ff350:   000002d0075c9f58 00007fffea7d4464
0x000000ea409ff360:   0000000000000032 00007fffea7b2741
0x000000ea409ff370:   0000000000000032 000002d0075c9f58
0x000000ea409ff380:   0000000000000000 0000000067b749cd
0x000000ea409ff390:   0000000000082136 00007fff00000054
0x000000ea409ff3a0:   0000000700000054 0000000700000001
0x000000ea409ff3b0:   000002d00797bb24 000000ea409ff3d0
0x000000ea409ff3c0:   000002d0075c9ca0 000000ea409ff4e8
0x000000ea409ff3d0:   000002d00290f440 0000000000000000
0x000000ea409ff3e0:   0000000000000001 000002d0075c9f58
0x000000ea409ff3f0:   00007fffea7b0000 00007fffea7b1e48
0x000000ea409ff400:   000000ea409ff420 00007fffea7d4464
0x000000ea409ff410:   0000000000000008 0000000000000015
0x000000ea409ff420:   0008213667b749cd 0000005400000054
0x000000ea409ff430:   0000000000000000 0000000000000000
0x000000ea409ff440:   000000ea409ff4c8 000002cfac5dd6e1
0x000000ea409ff450:   000002d00797bb24 000002d00290f440
0x000000ea409ff460:   000002d00796b7b0 000002d007690840
0x000000ea409ff470:   000002d007789a20 00007fffbbad916d 

Instructions: (pc=0x00007fffbbb33f97)
0x00007fffbbb33e97:   ff 4c 8d 9c 24 b0 00 00 00 90 49 8b 6b 18 0f 28
0x00007fffbbb33ea7:   c6 49 8b 73 20 49 8b 7b 28 41 0f 28 73 f0 c7 83
0x00007fffbbb33eb7:   48 03 00 00 04 00 00 00 49 8b 5b 10 49 8b e3 41
0x00007fffbbb33ec7:   5e c3 cc cc cc cc cc cc cc 4c 89 44 24 18 4c 89
0x00007fffbbb33ed7:   4c 24 20 53 55 56 57 41 56 41 57 48 81 ec b8 00
0x00007fffbbb33ee7:   00 00 8b 81 b8 00 00 00 48 8d b9 48 fd ff ff 05
0x00007fffbbb33ef7:   55 21 ff ff 45 33 ff 48 8b ea 48 8b f1 83 f8 01
0x00007fffbbb33f07:   76 0b 48 8b cf e8 ff dc 40 00 41 8b ff c7 87 48
0x00007fffbbb33f17:   03 00 00 05 00 00 00 e8 7d 6f 29 00 90 48 8b 87
0x00007fffbbb33f27:   50 03 00 00 a8 01 74 0a b2 01 48 8b cf e8 97 74
0x00007fffbbb33f37:   30 00 44 39 bf 3c 03 00 00 75 0a 8b 87 38 03 00
0x00007fffbbb33f47:   00 a8 0c 74 0a 33 d2 48 8b cf e8 9a 05 41 00 c7
0x00007fffbbb33f57:   87 48 03 00 00 06 00 00 00 48 89 7c 24 58 4c 89
0x00007fffbbb33f67:   7c 24 60 4c 39 7f 08 74 0a 48 8d 4c 24 58 e8 76
0x00007fffbbb33f77:   0d 2d 00 48 8b 94 24 00 01 00 00 48 8d 4c 24 78
0x00007fffbbb33f87:   c7 44 24 48 0e 00 00 00 48 8d 9c 24 08 01 00 00
0x00007fffbbb33f97:   48 8b 12 e8 71 09 01 00 48 8d 44 24 78 48 89 7c
0x00007fffbbb33fa7:   24 30 48 89 44 24 28 4c 8d 35 83 71 59 00 48 8b
0x00007fffbbb33fb7:   84 24 00 01 00 00 48 8d 54 24 48 41 b9 01 00 00
0x00007fffbbb33fc7:   00 48 89 44 24 20 4c 8b c5 4c 89 74 24 78 48 8b
0x00007fffbbb33fd7:   ce 48 89 9c 24 a0 00 00 00 e8 1b 1a 01 00 4c 39
0x00007fffbbb33fe7:   7f 08 4c 89 74 24 78 49 0f 44 df 4c 89 bc 24 a0
0x00007fffbbb33ff7:   00 00 00 48 89 5c 24 40 4c 39 7c 24 60 74 0a 48
0x00007fffbbb34007:   8d 4c 24 58 e8 80 0d 2d 00 48 8b 9f e8 00 00 00
0x00007fffbbb34017:   48 8b 4b 10 4c 39 39 74 0c 48 8b cb e8 a8 dd f6
0x00007fffbbb34027:   ff 48 8b 4b 10 48 8b 43 08 48 89 48 10 48 8b 4b
0x00007fffbbb34037:   08 48 8b 43 18 48 89 41 18 48 8b 4b 08 48 8b 43
0x00007fffbbb34047:   20 48 89 41 20 48 8d 8f 98 02 00 00 e8 48 b5 ee
0x00007fffbbb34057:   ff 90 c7 87 48 03 00 00 04 00 00 00 48 81 c4 b8
0x00007fffbbb34067:   00 00 00 41 5f 41 5e 5f 5e 5d 5b c3 cc cc cc cc
0x00007fffbbb34077:   cc cc cc cc cc cc cc cc cc 48 89 5c 24 08 48 89
0x00007fffbbb34087:   6c 24 10 48 89 74 24 18 57 41 56 41 57 48 81 ec 


Stack slot to memory mapping:
stack at sp + 0 slots: 0x0 is NULL
stack at sp + 1 slots: 0x00000000000000b4 is an unknown value
stack at sp + 2 slots: 0x00009b1271d0cdb9 is an unknown value
stack at sp + 3 slots: 0x00007fffbbac6c09 jvm.dll::InstanceKlass::initialize + 0x19
stack at sp + 4 slots: 0x000002d00796b888 points into unknown readable memory: 0x000002d007533b90 | 90 3b 53 07 d0 02 00 00
stack at sp + 5 slots: 0x00007fffe9e2384f packet.dll
stack at sp + 6 slots: 0x0000000000000006 is an unknown value
stack at sp + 7 slots: 0x000002d00797bb24 points into unknown readable memory: 06 67 31 ea


---------------  P R O C E S S  ---------------

Threads class SMR info:
_java_thread_list=0x000002d007674ec0, length=19, elements={
0x000002cfc09080d0, 0x000002cfc0908e60, 0x000002cfc0918860, 0x000002cfc091a340,
0x000002cfc091cc20, 0x000002cfc091d8f0, 0x000002cfc0b9ae90, 0x000002cfc0b9c860,
0x000002cfc0b9f180, 0x000002cfc0c6b790, 0x000002cfc0d65300, 0x000002cfc0dba440,
0x000002cfc0f25250, 0x000002cfc0f2d110, 0x000002cfc0f2de40, 0x000002d00737a6c0,
0x000002d0075cb5f0, 0x000002d0075cb0e0, 0x000002d0075c9ca0
}

Java Threads: ( => current thread )
  0x000002cfc09080d0 JavaThread "Reference Handler" daemon [_thread_blocked, id=16172, stack(0x000000ea3f300000,0x000000ea3f400000)]
  0x000002cfc0908e60 JavaThread "Finalizer" daemon [_thread_blocked, id=8904, stack(0x000000ea3f400000,0x000000ea3f500000)]
  0x000002cfc0918860 JavaThread "Signal Dispatcher" daemon [_thread_blocked, id=13228, stack(0x000000ea3f500000,0x000000ea3f600000)]
  0x000002cfc091a340 JavaThread "Attach Listener" daemon [_thread_blocked, id=8560, stack(0x000000ea3f600000,0x000000ea3f700000)]
  0x000002cfc091cc20 JavaThread "Service Thread" daemon [_thread_blocked, id=22300, stack(0x000000ea3f700000,0x000000ea3f800000)]
  0x000002cfc091d8f0 JavaThread "Monitor Deflation Thread" daemon [_thread_blocked, id=10596, stack(0x000000ea3f800000,0x000000ea3f900000)]
  0x000002cfc0b9ae90 JavaThread "C2 CompilerThread0" daemon [_thread_blocked, id=22664, stack(0x000000ea3f900000,0x000000ea3fa00000)]
  0x000002cfc0b9c860 JavaThread "C1 CompilerThread0" daemon [_thread_blocked, id=6636, stack(0x000000ea3fa00000,0x000000ea3fb00000)]
  0x000002cfc0b9f180 JavaThread "Sweeper thread" daemon [_thread_blocked, id=21992, stack(0x000000ea3fb00000,0x000000ea3fc00000)]
  0x000002cfc0c6b790 JavaThread "Common-Cleaner" daemon [_thread_blocked, id=23380, stack(0x000000ea3fc00000,0x000000ea3fd00000)]
  0x000002cfc0d65300 JavaThread "Monitor Ctrl-Break" daemon [_thread_in_native, id=21840, stack(0x000000ea3fd00000,0x000000ea3fe00000)]
  0x000002cfc0dba440 JavaThread "Notification Thread" daemon [_thread_blocked, id=23116, stack(0x000000ea3fe00000,0x000000ea3ff00000)]
  0x000002cfc0f25250 JavaThread "Java2D Disposer" daemon [_thread_blocked, id=18924, stack(0x000000ea40000000,0x000000ea40100000)]
  0x000002cfc0f2d110 JavaThread "AWT-Shutdown" [_thread_blocked, id=15384, stack(0x000000ea40100000,0x000000ea40200000)]
  0x000002cfc0f2de40 JavaThread "AWT-Windows" daemon [_thread_in_native, id=15520, stack(0x000000ea40200000,0x000000ea40300000)]
  0x000002d00737a6c0 JavaThread "AWT-EventQueue-0" [_thread_blocked, id=22948, stack(0x000000ea40300000,0x000000ea40400000)]
  0x000002d0075cb5f0 JavaThread "DestroyJavaVM" [_thread_blocked, id=12456, stack(0x000000ea3ec00000,0x000000ea3ed00000)]
  0x000002d0075cb0e0 JavaThread "TimerQueue" daemon [_thread_blocked, id=21400, stack(0x000000ea40800000,0x000000ea40900000)]
=>0x000002d0075c9ca0 JavaThread "Thread-1" [_thread_in_vm, id=19368, stack(0x000000ea40900000,0x000000ea40a00000)]

Other Threads:
  0x000002cfc09025a0 VMThread "VM Thread" [stack: 0x000000ea3f200000,0x000000ea3f300000] [id=19264]
  0x000002cfc0d657e0 WatcherThread [stack: 0x000000ea3ff00000,0x000000ea40000000] [id=16896]
  0x000002cfa1926930 GCTaskThread "GC Thread#0" [stack: 0x000000ea3ed00000,0x000000ea3ee00000] [id=10492]
  0x000002cfa19384e0 ConcurrentGCThread "G1 Main Marker" [stack: 0x000000ea3ee00000,0x000000ea3ef00000] [id=804]
  0x000002cfa1939e20 ConcurrentGCThread "G1 Conc#0" [stack: 0x000000ea3ef00000,0x000000ea3f000000] [id=2440]
  0x000002cfc07bc530 ConcurrentGCThread "G1 Refine#0" [stack: 0x000000ea3f000000,0x000000ea3f100000] [id=14908]
  0x000002cfc07bcd70 ConcurrentGCThread "G1 Service" [stack: 0x000000ea3f100000,0x000000ea3f200000] [id=14240]

Threads with active compile tasks:

VM state: not at safepoint (normal execution)

VM Mutex/Monitor currently owned by a thread: None

Heap address: 0x0000000702c00000, size: 4052 MB, Compressed Oops mode: Zero based, Oop shift amount: 3

CDS archive(s) mapped at: [0x000002cfc1000000-0x000002cfc1c00000-0x000002cfc1c00000), size 12582912, SharedBaseAddress: 0x000002cfc1000000, ArchiveRelocationMode: 1.
Compressed class space mapped at: 0x000002cfc2000000-0x000002d002000000, reserved size: 1073741824
Narrow klass base: 0x000002cfc1000000, Narrow klass shift: 0, Narrow klass range: 0x100000000

GC Precious Log:
 CPUs: 12 total, 12 available
 Memory: 16205M
 Large Page Support: Disabled
 NUMA Support: Disabled
 Compressed Oops: Enabled (Zero based)
 Heap Region Size: 2M
 Heap Min Capacity: 8M
 Heap Initial Capacity: 254M
 Heap Max Capacity: 4052M
 Pre-touch: Disabled
 Parallel Workers: 10
 Concurrent Workers: 3
 Concurrent Refinement Workers: 10
 Periodic GC: Disabled

Heap:
 garbage-first heap   total 260096K, used 22528K [0x0000000702c00000, 0x0000000800000000)
  region size 2048K, 10 young (20480K), 0 survivors (0K)
 Metaspace       used 11833K, committed 12160K, reserved 1114112K
  class space    used 1413K, committed 1536K, reserved 1048576K

Heap Regions: E=young(eden), S=young(survivor), O=old, HS=humongous(starts), HC=humongous(continues), CS=collection set, F=free, OA=open archive, CA=closed archive, TAMS=top-at-mark-start (previous, next)
|   0|0x0000000702c00000, 0x0000000702e00000, 0x0000000702e00000|100%|HS|  |TAMS 0x0000000702c00000, 0x0000000702c00000| Complete 
|   1|0x0000000702e00000, 0x0000000703000000, 0x0000000703000000|100%|HC|  |TAMS 0x0000000702e00000, 0x0000000702e00000| Complete 
|   2|0x0000000703000000, 0x0000000703000000, 0x0000000703200000|  0%| F|  |TAMS 0x0000000703000000, 0x0000000703000000| Untracked 
|   3|0x0000000703200000, 0x0000000703200000, 0x0000000703400000|  0%| F|  |TAMS 0x0000000703200000, 0x0000000703200000| Untracked 
|   4|0x0000000703400000, 0x0000000703400000, 0x0000000703600000|  0%| F|  |TAMS 0x0000000703400000, 0x0000000703400000| Untracked 
|   5|0x0000000703600000, 0x0000000703600000, 0x0000000703800000|  0%| F|  |TAMS 0x0000000703600000, 0x0000000703600000| Untracked 
|   6|0x0000000703800000, 0x0000000703800000, 0x0000000703a00000|  0%| F|  |TAMS 0x0000000703800000, 0x0000000703800000| Untracked 
|   7|0x0000000703a00000, 0x0000000703a00000, 0x0000000703c00000|  0%| F|  |TAMS 0x0000000703a00000, 0x0000000703a00000| Untracked 
|   8|0x0000000703c00000, 0x0000000703c00000, 0x0000000703e00000|  0%| F|  |TAMS 0x0000000703c00000, 0x0000000703c00000| Untracked 
|   9|0x0000000703e00000, 0x0000000703e00000, 0x0000000704000000|  0%| F|  |TAMS 0x0000000703e00000, 0x0000000703e00000| Untracked 
|  10|0x0000000704000000, 0x0000000704000000, 0x0000000704200000|  0%| F|  |TAMS 0x0000000704000000, 0x0000000704000000| Untracked 
|  11|0x0000000704200000, 0x0000000704200000, 0x0000000704400000|  0%| F|  |TAMS 0x0000000704200000, 0x0000000704200000| Untracked 
|  12|0x0000000704400000, 0x0000000704400000, 0x0000000704600000|  0%| F|  |TAMS 0x0000000704400000, 0x0000000704400000| Untracked 
|  13|0x0000000704600000, 0x0000000704600000, 0x0000000704800000|  0%| F|  |TAMS 0x0000000704600000, 0x0000000704600000| Untracked 
|  14|0x0000000704800000, 0x0000000704800000, 0x0000000704a00000|  0%| F|  |TAMS 0x0000000704800000, 0x0000000704800000| Untracked 
|  15|0x0000000704a00000, 0x0000000704a00000, 0x0000000704c00000|  0%| F|  |TAMS 0x0000000704a00000, 0x0000000704a00000| Untracked 
|  16|0x0000000704c00000, 0x0000000704c00000, 0x0000000704e00000|  0%| F|  |TAMS 0x0000000704c00000, 0x0000000704c00000| Untracked 
|  17|0x0000000704e00000, 0x0000000704e00000, 0x0000000705000000|  0%| F|  |TAMS 0x0000000704e00000, 0x0000000704e00000| Untracked 
|  18|0x0000000705000000, 0x0000000705000000, 0x0000000705200000|  0%| F|  |TAMS 0x0000000705000000, 0x0000000705000000| Untracked 
|  19|0x0000000705200000, 0x0000000705200000, 0x0000000705400000|  0%| F|  |TAMS 0x0000000705200000, 0x0000000705200000| Untracked 
|  20|0x0000000705400000, 0x0000000705400000, 0x0000000705600000|  0%| F|  |TAMS 0x0000000705400000, 0x0000000705400000| Untracked 
|  21|0x0000000705600000, 0x0000000705600000, 0x0000000705800000|  0%| F|  |TAMS 0x0000000705600000, 0x0000000705600000| Untracked 
|  22|0x0000000705800000, 0x0000000705800000, 0x0000000705a00000|  0%| F|  |TAMS 0x0000000705800000, 0x0000000705800000| Untracked 
|  23|0x0000000705a00000, 0x0000000705a00000, 0x0000000705c00000|  0%| F|  |TAMS 0x0000000705a00000, 0x0000000705a00000| Untracked 
|  24|0x0000000705c00000, 0x0000000705c00000, 0x0000000705e00000|  0%| F|  |TAMS 0x0000000705c00000, 0x0000000705c00000| Untracked 
|  25|0x0000000705e00000, 0x0000000705e00000, 0x0000000706000000|  0%| F|  |TAMS 0x0000000705e00000, 0x0000000705e00000| Untracked 
|  26|0x0000000706000000, 0x0000000706000000, 0x0000000706200000|  0%| F|  |TAMS 0x0000000706000000, 0x0000000706000000| Untracked 
|  27|0x0000000706200000, 0x0000000706200000, 0x0000000706400000|  0%| F|  |TAMS 0x0000000706200000, 0x0000000706200000| Untracked 
|  28|0x0000000706400000, 0x0000000706400000, 0x0000000706600000|  0%| F|  |TAMS 0x0000000706400000, 0x0000000706400000| Untracked 
|  29|0x0000000706600000, 0x0000000706600000, 0x0000000706800000|  0%| F|  |TAMS 0x0000000706600000, 0x0000000706600000| Untracked 
|  30|0x0000000706800000, 0x0000000706800000, 0x0000000706a00000|  0%| F|  |TAMS 0x0000000706800000, 0x0000000706800000| Untracked 
|  31|0x0000000706a00000, 0x0000000706a00000, 0x0000000706c00000|  0%| F|  |TAMS 0x0000000706a00000, 0x0000000706a00000| Untracked 
|  32|0x0000000706c00000, 0x0000000706c00000, 0x0000000706e00000|  0%| F|  |TAMS 0x0000000706c00000, 0x0000000706c00000| Untracked 
|  33|0x0000000706e00000, 0x0000000706e00000, 0x0000000707000000|  0%| F|  |TAMS 0x0000000706e00000, 0x0000000706e00000| Untracked 
|  34|0x0000000707000000, 0x0000000707000000, 0x0000000707200000|  0%| F|  |TAMS 0x0000000707000000, 0x0000000707000000| Untracked 
|  35|0x0000000707200000, 0x0000000707200000, 0x0000000707400000|  0%| F|  |TAMS 0x0000000707200000, 0x0000000707200000| Untracked 
|  36|0x0000000707400000, 0x0000000707400000, 0x0000000707600000|  0%| F|  |TAMS 0x0000000707400000, 0x0000000707400000| Untracked 
|  37|0x0000000707600000, 0x0000000707600000, 0x0000000707800000|  0%| F|  |TAMS 0x0000000707600000, 0x0000000707600000| Untracked 
|  38|0x0000000707800000, 0x0000000707800000, 0x0000000707a00000|  0%| F|  |TAMS 0x0000000707800000, 0x0000000707800000| Untracked 
|  39|0x0000000707a00000, 0x0000000707a00000, 0x0000000707c00000|  0%| F|  |TAMS 0x0000000707a00000, 0x0000000707a00000| Untracked 
|  40|0x0000000707c00000, 0x0000000707c00000, 0x0000000707e00000|  0%| F|  |TAMS 0x0000000707c00000, 0x0000000707c00000| Untracked 
|  41|0x0000000707e00000, 0x0000000707e00000, 0x0000000708000000|  0%| F|  |TAMS 0x0000000707e00000, 0x0000000707e00000| Untracked 
|  42|0x0000000708000000, 0x0000000708000000, 0x0000000708200000|  0%| F|  |TAMS 0x0000000708000000, 0x0000000708000000| Untracked 
|  43|0x0000000708200000, 0x0000000708200000, 0x0000000708400000|  0%| F|  |TAMS 0x0000000708200000, 0x0000000708200000| Untracked 
|  44|0x0000000708400000, 0x0000000708400000, 0x0000000708600000|  0%| F|  |TAMS 0x0000000708400000, 0x0000000708400000| Untracked 
|  45|0x0000000708600000, 0x0000000708600000, 0x0000000708800000|  0%| F|  |TAMS 0x0000000708600000, 0x0000000708600000| Untracked 
|  46|0x0000000708800000, 0x0000000708800000, 0x0000000708a00000|  0%| F|  |TAMS 0x0000000708800000, 0x0000000708800000| Untracked 
|  47|0x0000000708a00000, 0x0000000708a00000, 0x0000000708c00000|  0%| F|  |TAMS 0x0000000708a00000, 0x0000000708a00000| Untracked 
|  48|0x0000000708c00000, 0x0000000708c00000, 0x0000000708e00000|  0%| F|  |TAMS 0x0000000708c00000, 0x0000000708c00000| Untracked 
|  49|0x0000000708e00000, 0x0000000708e00000, 0x0000000709000000|  0%| F|  |TAMS 0x0000000708e00000, 0x0000000708e00000| Untracked 
|  50|0x0000000709000000, 0x0000000709000000, 0x0000000709200000|  0%| F|  |TAMS 0x0000000709000000, 0x0000000709000000| Untracked 
|  51|0x0000000709200000, 0x0000000709200000, 0x0000000709400000|  0%| F|  |TAMS 0x0000000709200000, 0x0000000709200000| Untracked 
|  52|0x0000000709400000, 0x0000000709400000, 0x0000000709600000|  0%| F|  |TAMS 0x0000000709400000, 0x0000000709400000| Untracked 
|  53|0x0000000709600000, 0x0000000709600000, 0x0000000709800000|  0%| F|  |TAMS 0x0000000709600000, 0x0000000709600000| Untracked 
|  54|0x0000000709800000, 0x0000000709800000, 0x0000000709a00000|  0%| F|  |TAMS 0x0000000709800000, 0x0000000709800000| Untracked 
|  55|0x0000000709a00000, 0x0000000709a00000, 0x0000000709c00000|  0%| F|  |TAMS 0x0000000709a00000, 0x0000000709a00000| Untracked 
|  56|0x0000000709c00000, 0x0000000709c00000, 0x0000000709e00000|  0%| F|  |TAMS 0x0000000709c00000, 0x0000000709c00000| Untracked 
|  57|0x0000000709e00000, 0x0000000709e00000, 0x000000070a000000|  0%| F|  |TAMS 0x0000000709e00000, 0x0000000709e00000| Untracked 
|  58|0x000000070a000000, 0x000000070a000000, 0x000000070a200000|  0%| F|  |TAMS 0x000000070a000000, 0x000000070a000000| Untracked 
|  59|0x000000070a200000, 0x000000070a200000, 0x000000070a400000|  0%| F|  |TAMS 0x000000070a200000, 0x000000070a200000| Untracked 
|  60|0x000000070a400000, 0x000000070a400000, 0x000000070a600000|  0%| F|  |TAMS 0x000000070a400000, 0x000000070a400000| Untracked 
|  61|0x000000070a600000, 0x000000070a600000, 0x000000070a800000|  0%| F|  |TAMS 0x000000070a600000, 0x000000070a600000| Untracked 
|  62|0x000000070a800000, 0x000000070a800000, 0x000000070aa00000|  0%| F|  |TAMS 0x000000070a800000, 0x000000070a800000| Untracked 
|  63|0x000000070aa00000, 0x000000070aa00000, 0x000000070ac00000|  0%| F|  |TAMS 0x000000070aa00000, 0x000000070aa00000| Untracked 
|  64|0x000000070ac00000, 0x000000070ac00000, 0x000000070ae00000|  0%| F|  |TAMS 0x000000070ac00000, 0x000000070ac00000| Untracked 
|  65|0x000000070ae00000, 0x000000070ae00000, 0x000000070b000000|  0%| F|  |TAMS 0x000000070ae00000, 0x000000070ae00000| Untracked 
|  66|0x000000070b000000, 0x000000070b000000, 0x000000070b200000|  0%| F|  |TAMS 0x000000070b000000, 0x000000070b000000| Untracked 
|  67|0x000000070b200000, 0x000000070b200000, 0x000000070b400000|  0%| F|  |TAMS 0x000000070b200000, 0x000000070b200000| Untracked 
|  68|0x000000070b400000, 0x000000070b400000, 0x000000070b600000|  0%| F|  |TAMS 0x000000070b400000, 0x000000070b400000| Untracked 
|  69|0x000000070b600000, 0x000000070b600000, 0x000000070b800000|  0%| F|  |TAMS 0x000000070b600000, 0x000000070b600000| Untracked 
|  70|0x000000070b800000, 0x000000070b800000, 0x000000070ba00000|  0%| F|  |TAMS 0x000000070b800000, 0x000000070b800000| Untracked 
|  71|0x000000070ba00000, 0x000000070ba00000, 0x000000070bc00000|  0%| F|  |TAMS 0x000000070ba00000, 0x000000070ba00000| Untracked 
|  72|0x000000070bc00000, 0x000000070bc00000, 0x000000070be00000|  0%| F|  |TAMS 0x000000070bc00000, 0x000000070bc00000| Untracked 
|  73|0x000000070be00000, 0x000000070be00000, 0x000000070c000000|  0%| F|  |TAMS 0x000000070be00000, 0x000000070be00000| Untracked 
|  74|0x000000070c000000, 0x000000070c000000, 0x000000070c200000|  0%| F|  |TAMS 0x000000070c000000, 0x000000070c000000| Untracked 
|  75|0x000000070c200000, 0x000000070c200000, 0x000000070c400000|  0%| F|  |TAMS 0x000000070c200000, 0x000000070c200000| Untracked 
|  76|0x000000070c400000, 0x000000070c400000, 0x000000070c600000|  0%| F|  |TAMS 0x000000070c400000, 0x000000070c400000| Untracked 
|  77|0x000000070c600000, 0x000000070c600000, 0x000000070c800000|  0%| F|  |TAMS 0x000000070c600000, 0x000000070c600000| Untracked 
|  78|0x000000070c800000, 0x000000070c800000, 0x000000070ca00000|  0%| F|  |TAMS 0x000000070c800000, 0x000000070c800000| Untracked 
|  79|0x000000070ca00000, 0x000000070ca00000, 0x000000070cc00000|  0%| F|  |TAMS 0x000000070ca00000, 0x000000070ca00000| Untracked 
|  80|0x000000070cc00000, 0x000000070cc00000, 0x000000070ce00000|  0%| F|  |TAMS 0x000000070cc00000, 0x000000070cc00000| Untracked 
|  81|0x000000070ce00000, 0x000000070ce00000, 0x000000070d000000|  0%| F|  |TAMS 0x000000070ce00000, 0x000000070ce00000| Untracked 
|  82|0x000000070d000000, 0x000000070d000000, 0x000000070d200000|  0%| F|  |TAMS 0x000000070d000000, 0x000000070d000000| Untracked 
|  83|0x000000070d200000, 0x000000070d200000, 0x000000070d400000|  0%| F|  |TAMS 0x000000070d200000, 0x000000070d200000| Untracked 
|  84|0x000000070d400000, 0x000000070d400000, 0x000000070d600000|  0%| F|  |TAMS 0x000000070d400000, 0x000000070d400000| Untracked 
|  85|0x000000070d600000, 0x000000070d600000, 0x000000070d800000|  0%| F|  |TAMS 0x000000070d600000, 0x000000070d600000| Untracked 
|  86|0x000000070d800000, 0x000000070d800000, 0x000000070da00000|  0%| F|  |TAMS 0x000000070d800000, 0x000000070d800000| Untracked 
|  87|0x000000070da00000, 0x000000070da00000, 0x000000070dc00000|  0%| F|  |TAMS 0x000000070da00000, 0x000000070da00000| Untracked 
|  88|0x000000070dc00000, 0x000000070dc00000, 0x000000070de00000|  0%| F|  |TAMS 0x000000070dc00000, 0x000000070dc00000| Untracked 
|  89|0x000000070de00000, 0x000000070de00000, 0x000000070e000000|  0%| F|  |TAMS 0x000000070de00000, 0x000000070de00000| Untracked 
|  90|0x000000070e000000, 0x000000070e000000, 0x000000070e200000|  0%| F|  |TAMS 0x000000070e000000, 0x000000070e000000| Untracked 
|  91|0x000000070e200000, 0x000000070e200000, 0x000000070e400000|  0%| F|  |TAMS 0x000000070e200000, 0x000000070e200000| Untracked 
|  92|0x000000070e400000, 0x000000070e400000, 0x000000070e600000|  0%| F|  |TAMS 0x000000070e400000, 0x000000070e400000| Untracked 
|  93|0x000000070e600000, 0x000000070e600000, 0x000000070e800000|  0%| F|  |TAMS 0x000000070e600000, 0x000000070e600000| Untracked 
|  94|0x000000070e800000, 0x000000070e800000, 0x000000070ea00000|  0%| F|  |TAMS 0x000000070e800000, 0x000000070e800000| Untracked 
|  95|0x000000070ea00000, 0x000000070ea00000, 0x000000070ec00000|  0%| F|  |TAMS 0x000000070ea00000, 0x000000070ea00000| Untracked 
|  96|0x000000070ec00000, 0x000000070ec00000, 0x000000070ee00000|  0%| F|  |TAMS 0x000000070ec00000, 0x000000070ec00000| Untracked 
|  97|0x000000070ee00000, 0x000000070ee00000, 0x000000070f000000|  0%| F|  |TAMS 0x000000070ee00000, 0x000000070ee00000| Untracked 
|  98|0x000000070f000000, 0x000000070f000000, 0x000000070f200000|  0%| F|  |TAMS 0x000000070f000000, 0x000000070f000000| Untracked 
|  99|0x000000070f200000, 0x000000070f200000, 0x000000070f400000|  0%| F|  |TAMS 0x000000070f200000, 0x000000070f200000| Untracked 
| 100|0x000000070f400000, 0x000000070f400000, 0x000000070f600000|  0%| F|  |TAMS 0x000000070f400000, 0x000000070f400000| Untracked 
| 101|0x000000070f600000, 0x000000070f600000, 0x000000070f800000|  0%| F|  |TAMS 0x000000070f600000, 0x000000070f600000| Untracked 
| 102|0x000000070f800000, 0x000000070f800000, 0x000000070fa00000|  0%| F|  |TAMS 0x000000070f800000, 0x000000070f800000| Untracked 
| 103|0x000000070fa00000, 0x000000070fa00000, 0x000000070fc00000|  0%| F|  |TAMS 0x000000070fa00000, 0x000000070fa00000| Untracked 
| 104|0x000000070fc00000, 0x000000070fc00000, 0x000000070fe00000|  0%| F|  |TAMS 0x000000070fc00000, 0x000000070fc00000| Untracked 
| 105|0x000000070fe00000, 0x000000070fe00000, 0x0000000710000000|  0%| F|  |TAMS 0x000000070fe00000, 0x000000070fe00000| Untracked 
| 106|0x0000000710000000, 0x0000000710000000, 0x0000000710200000|  0%| F|  |TAMS 0x0000000710000000, 0x0000000710000000| Untracked 
| 107|0x0000000710200000, 0x0000000710200000, 0x0000000710400000|  0%| F|  |TAMS 0x0000000710200000, 0x0000000710200000| Untracked 
| 108|0x0000000710400000, 0x0000000710400000, 0x0000000710600000|  0%| F|  |TAMS 0x0000000710400000, 0x0000000710400000| Untracked 
| 109|0x0000000710600000, 0x0000000710600000, 0x0000000710800000|  0%| F|  |TAMS 0x0000000710600000, 0x0000000710600000| Untracked 
| 110|0x0000000710800000, 0x0000000710800000, 0x0000000710a00000|  0%| F|  |TAMS 0x0000000710800000, 0x0000000710800000| Untracked 
| 111|0x0000000710a00000, 0x0000000710a00000, 0x0000000710c00000|  0%| F|  |TAMS 0x0000000710a00000, 0x0000000710a00000| Untracked 
| 112|0x0000000710c00000, 0x0000000710c00000, 0x0000000710e00000|  0%| F|  |TAMS 0x0000000710c00000, 0x0000000710c00000| Untracked 
| 113|0x0000000710e00000, 0x0000000710e00000, 0x0000000711000000|  0%| F|  |TAMS 0x0000000710e00000, 0x0000000710e00000| Untracked 
| 114|0x0000000711000000, 0x0000000711000000, 0x0000000711200000|  0%| F|  |TAMS 0x0000000711000000, 0x0000000711000000| Untracked 
| 115|0x0000000711200000, 0x0000000711200000, 0x0000000711400000|  0%| F|  |TAMS 0x0000000711200000, 0x0000000711200000| Untracked 
| 116|0x0000000711400000, 0x0000000711400000, 0x0000000711600000|  0%| F|  |TAMS 0x0000000711400000, 0x0000000711400000| Untracked 
| 117|0x0000000711600000, 0x00000007116e1cc8, 0x0000000711800000| 44%| E|  |TAMS 0x0000000711600000, 0x0000000711600000| Complete 
| 118|0x0000000711800000, 0x0000000711a00000, 0x0000000711a00000|100%| E|CS|TAMS 0x0000000711800000, 0x0000000711800000| Complete 
| 119|0x0000000711a00000, 0x0000000711c00000, 0x0000000711c00000|100%| E|CS|TAMS 0x0000000711a00000, 0x0000000711a00000| Complete 
| 120|0x0000000711c00000, 0x0000000711e00000, 0x0000000711e00000|100%| E|CS|TAMS 0x0000000711c00000, 0x0000000711c00000| Complete 
| 121|0x0000000711e00000, 0x0000000712000000, 0x0000000712000000|100%| E|CS|TAMS 0x0000000711e00000, 0x0000000711e00000| Complete 
| 122|0x0000000712000000, 0x0000000712200000, 0x0000000712200000|100%| E|CS|TAMS 0x0000000712000000, 0x0000000712000000| Complete 
| 123|0x0000000712200000, 0x0000000712400000, 0x0000000712400000|100%| E|CS|TAMS 0x0000000712200000, 0x0000000712200000| Complete 
| 124|0x0000000712400000, 0x0000000712600000, 0x0000000712600000|100%| E|CS|TAMS 0x0000000712400000, 0x0000000712400000| Complete 
| 125|0x0000000712600000, 0x0000000712800000, 0x0000000712800000|100%| E|CS|TAMS 0x0000000712600000, 0x0000000712600000| Complete 
| 126|0x0000000712800000, 0x0000000712a00000, 0x0000000712a00000|100%| E|CS|TAMS 0x0000000712800000, 0x0000000712800000| Complete 

Card table byte_map: [0x000002cfb4df0000,0x000002cfb55e0000] _byte_map_base: 0x000002cfb15da000

Marking Bits (Prev, Next): (CMBitMap*) 0x000002cfa1927e70, (CMBitMap*) 0x000002cfa1927eb0
 Prev Bits: [0x000002cfb5dd0000, 0x000002cfb9d20000)
 Next Bits: [0x000002cfb9d20000, 0x000002cfbdc70000)

Polling page: 0x000002cfa1080000

Metaspace:

Usage:
  Non-class:     10.18 MB used.
      Class:      1.38 MB used.
       Both:     11.56 MB used.

Virtual space:
  Non-class space:       64.00 MB reserved,      10.38 MB ( 16%) committed,  1 nodes.
      Class space:        1.00 GB reserved,       1.50 MB ( <1%) committed,  1 nodes.
             Both:        1.06 GB reserved,      11.88 MB (  1%) committed. 

Chunk freelists:
   Non-Class:  4.98 MB
       Class:  14.52 MB
        Both:  19.51 MB

MaxMetaspaceSize: unlimited
CompressedClassSpaceSize: 1.00 GB
Initial GC threshold: 21.00 MB
Current GC threshold: 21.00 MB
CDS: on
MetaspaceReclaimPolicy: balanced
 - commit_granule_bytes: 65536.
 - commit_granule_words: 8192.
 - virtual_space_node_default_size: 8388608.
 - enlarge_chunks_in_place: 1.
 - new_chunks_are_fully_committed: 0.
 - uncommit_free_chunks: 1.
 - use_allocation_guard: 0.
 - handle_deallocations: 1.


Internal statistics:

num_allocs_failed_limit: 0.
num_arena_births: 260.
num_arena_deaths: 0.
num_vsnodes_births: 2.
num_vsnodes_deaths: 0.
num_space_committed: 190.
num_space_uncommitted: 0.
num_chunks_returned_to_freelist: 0.
num_chunks_taken_from_freelist: 329.
num_chunk_merges: 0.
num_chunk_splits: 209.
num_chunks_enlarged: 118.
num_inconsistent_stats: 0.

CodeHeap 'non-profiled nmethods': size=120000Kb used=460Kb max_used=460Kb free=119540Kb
 bounds [0x000002cfacb70000, 0x000002cfacde0000, 0x000002cfb40a0000]
CodeHeap 'profiled nmethods': size=120000Kb used=3370Kb max_used=3370Kb free=116630Kb
 bounds [0x000002cfa50a0000, 0x000002cfa53f0000, 0x000002cfac5d0000]
CodeHeap 'non-nmethods': size=5760Kb used=1299Kb max_used=1317Kb free=4460Kb
 bounds [0x000002cfac5d0000, 0x000002cfac840000, 0x000002cfacb70000]
 total_blobs=2440 nmethods=1805 adapters=547
 compilation: enabled
              stopped_count=0, restarted_count=0
 full_count=0

Compilation events (20 events):
Event: 13.705 Thread 0x000002cfc0b9c860 1797       3       java.util.WeakHashMap::getTable (9 bytes)
Event: 13.705 Thread 0x000002cfc0b9c860 nmethod 1797 0x000002cfa53e4f10 code [0x000002cfa53e50a0, 0x000002cfa53e51e8]
Event: 13.708 Thread 0x000002cfc0b9c860 1798       3       sun.awt.SunHints$Key::getIndex (5 bytes)
Event: 13.708 Thread 0x000002cfc0b9c860 nmethod 1798 0x000002cfa53e5290 code [0x000002cfa53e5420, 0x000002cfa53e5538]
Event: 13.708 Thread 0x000002cfc0b9c860 1800       3       java.lang.Math::max (45 bytes)
Event: 13.708 Thread 0x000002cfc0b9c860 nmethod 1800 0x000002cfa53e5610 code [0x000002cfa53e57c0, 0x000002cfa53e5b18]
Event: 13.708 Thread 0x000002cfc0b9c860 1799       1       javax.swing.JComponent::getBorder (5 bytes)
Event: 13.708 Thread 0x000002cfc0b9c860 nmethod 1799 0x000002cfacbe2a10 code [0x000002cfacbe2ba0, 0x000002cfacbe2c78]
Event: 13.932 Thread 0x000002cfc0b9c860 1801       3       java.util.ArrayList$ListItr::<init> (16 bytes)
Event: 13.932 Thread 0x000002cfc0b9c860 nmethod 1801 0x000002cfa53e5b90 code [0x000002cfa53e5d40, 0x000002cfa53e5ff8]
Event: 13.932 Thread 0x000002cfc0b9c860 1802       3       java.util.ArrayList::listIterator (15 bytes)
Event: 13.932 Thread 0x000002cfc0b9c860 nmethod 1802 0x000002cfa53e6110 code [0x000002cfa53e6300, 0x000002cfa53e6858]
Event: 13.933 Thread 0x000002cfc0b9c860 1803   !   3       java.awt.KeyboardFocusManager::processCurrentLightweightRequests (345 bytes)
Event: 13.934 Thread 0x000002cfc0b9c860 nmethod 1803 0x000002cfa53e6a10 code [0x000002cfa53e6e60, 0x000002cfa53e9138]
Event: 13.934 Thread 0x000002cfc0b9c860 1804       1       java.awt.geom.AffineTransform::getShearY (5 bytes)
Event: 13.934 Thread 0x000002cfc0b9c860 nmethod 1804 0x000002cfacbe2d10 code [0x000002cfacbe2ea0, 0x000002cfacbe2f78]
Event: 13.942 Thread 0x000002cfc0b9c860 1805       3       java.util.WeakHashMap::maskNull (12 bytes)
Event: 13.942 Thread 0x000002cfc0b9c860 nmethod 1805 0x000002cfa53ea010 code [0x000002cfa53ea1a0, 0x000002cfa53ea2d8]
Event: 13.942 Thread 0x000002cfc0b9c860 1806       3       java.util.WeakHashMap::hash (28 bytes)
Event: 13.942 Thread 0x000002cfc0b9c860 nmethod 1806 0x000002cfa53ea390 code [0x000002cfa53ea540, 0x000002cfa53ea728]

GC Heap History (0 events):
No events

Dll operation events (3 events):
Event: 0.005 Loaded shared library C:\Users\MSI\.jdks\jbr-17.0.12\bin\java.dll
Event: 0.020 Loaded shared library C:\Users\MSI\.jdks\jbr-17.0.12\bin\jsvml.dll
Event: 0.054 Loaded shared library C:\Users\MSI\.jdks\jbr-17.0.12\bin\zip.dll

Deoptimization events (20 events):
Event: 4.533 Thread 0x000002d00737a6c0 Uncommon trap: trap_request=0xffffffc6 fr.pc=0x000002cfacba0e8c relative=0x00000000000004cc
Event: 4.533 Thread 0x000002d00737a6c0 Uncommon trap: reason=bimorphic_or_optimized_type_check action=maybe_recompile pc=0x000002cfacba0e8c method=java.util.HashMap.getNode(Ljava/lang/Object;)Ljava/util/HashMap$Node; @ 128 c2
Event: 4.533 Thread 0x000002d00737a6c0 DEOPT PACKING pc=0x000002cfacba0e8c sp=0x000000ea403fd830
Event: 4.533 Thread 0x000002d00737a6c0 DEOPT UNPACKING pc=0x000002cfac6269a3 sp=0x000000ea403fd7b8 mode 2
Event: 6.059 Thread 0x000002d00737a6c0 Uncommon trap: trap_request=0xffffffde fr.pc=0x000002cfacb86838 relative=0x00000000000001b8
Event: 6.059 Thread 0x000002d00737a6c0 Uncommon trap: reason=class_check action=maybe_recompile pc=0x000002cfacb86838 method=java.lang.String.equals(Ljava/lang/Object;)Z @ 8 c2
Event: 6.059 Thread 0x000002d00737a6c0 DEOPT PACKING pc=0x000002cfacb86838 sp=0x000000ea403fcf20
Event: 6.059 Thread 0x000002d00737a6c0 DEOPT UNPACKING pc=0x000002cfac6269a3 sp=0x000000ea403fceb8 mode 2
Event: 6.059 Thread 0x000002d00737a6c0 Uncommon trap: trap_request=0xffffffde fr.pc=0x000002cfacb86838 relative=0x00000000000001b8
Event: 6.059 Thread 0x000002d00737a6c0 Uncommon trap: reason=class_check action=maybe_recompile pc=0x000002cfacb86838 method=java.lang.String.equals(Ljava/lang/Object;)Z @ 8 c2
Event: 6.059 Thread 0x000002d00737a6c0 DEOPT PACKING pc=0x000002cfacb86838 sp=0x000000ea403fcf20
Event: 6.059 Thread 0x000002d00737a6c0 DEOPT UNPACKING pc=0x000002cfac6269a3 sp=0x000000ea403fceb8 mode 2
Event: 7.830 Thread 0x000002d00737a6c0 Uncommon trap: trap_request=0xffffffde fr.pc=0x000002cfacb86838 relative=0x00000000000001b8
Event: 7.830 Thread 0x000002d00737a6c0 Uncommon trap: reason=class_check action=maybe_recompile pc=0x000002cfacb86838 method=java.lang.String.equals(Ljava/lang/Object;)Z @ 8 c2
Event: 7.830 Thread 0x000002d00737a6c0 DEOPT PACKING pc=0x000002cfacb86838 sp=0x000000ea403fd1e0
Event: 7.830 Thread 0x000002d00737a6c0 DEOPT UNPACKING pc=0x000002cfac6269a3 sp=0x000000ea403fd178 mode 2
Event: 7.830 Thread 0x000002d00737a6c0 Uncommon trap: trap_request=0xffffffde fr.pc=0x000002cfacb86838 relative=0x00000000000001b8
Event: 7.830 Thread 0x000002d00737a6c0 Uncommon trap: reason=class_check action=maybe_recompile pc=0x000002cfacb86838 method=java.lang.String.equals(Ljava/lang/Object;)Z @ 8 c2
Event: 7.830 Thread 0x000002d00737a6c0 DEOPT PACKING pc=0x000002cfacb86838 sp=0x000000ea403fd110
Event: 7.830 Thread 0x000002d00737a6c0 DEOPT UNPACKING pc=0x000002cfac6269a3 sp=0x000000ea403fd0a8 mode 2

Classes loaded (20 events):
Event: 6.061 Loading class javax/swing/event/UndoableEditEvent
Event: 6.062 Loading class javax/swing/event/UndoableEditEvent done
Event: 6.062 Loading class javax/swing/text/AbstractDocument$DefaultDocumentEventUndoableWrapper
Event: 6.062 Loading class sun/swing/text/UndoableEditLockSupport
Event: 6.062 Loading class sun/swing/text/UndoableEditLockSupport done
Event: 6.062 Loading class javax/swing/text/AbstractDocument$DefaultDocumentEventUndoableWrapper done
Event: 6.062 Loading class javax/swing/event/UndoableEditListener
Event: 6.062 Loading class javax/swing/event/UndoableEditListener done
Event: 6.062 Loading class javax/swing/RepaintManager$3
Event: 6.062 Loading class javax/swing/RepaintManager$3 done
Event: 7.833 Loading class java/awt/KeyboardFocusManager$2
Event: 7.833 Loading class java/awt/KeyboardFocusManager$2 done
Event: 7.840 Loading class java/awt/Window$1DisposeAction
Event: 7.840 Loading class java/awt/Window$1DisposeAction done
Event: 7.841 Loading class javax/swing/Autoscroller
Event: 7.841 Loading class javax/swing/Autoscroller done
Event: 11.778 Loading class java/awt/Canvas
Event: 11.778 Loading class java/awt/Canvas done
Event: 11.778 Loading class java/awt/Scrollbar
Event: 11.778 Loading class java/awt/Scrollbar done

Classes unloaded (0 events):
No events

Classes redefined (0 events):
No events

Internal exceptions (20 events):
Event: 0.448 Thread 0x000002cfa18bc6f0 Exception <a 'java/lang/NoSuchMethodError'{0x0000000711dadec0}: 'java.lang.Object java.lang.invoke.DirectMethodHandle$Holder.newInvokeSpecial(java.lang.Object, java.lang.Object, int, int)'> (0x0000000711dadec0) 
thrown [s\src\hotspot\share\interpreter\linkResolver.cpp, line 771]
Event: 0.504 Thread 0x000002d00737a6c0 Exception <a 'java/lang/NoSuchMethodError'{0x00000007122271f0}: 'java.lang.Object java.lang.invoke.DirectMethodHandle$Holder.invokeStaticInit(java.lang.Object, java.lang.Object, java.lang.Object, java.lang.Object, java.lang.Object, java.lang.Object, java.lang.Object)'> (0x00000007122271f0) 
thrown [s\src\hotspot\share\interpreter\linkResolver.cpp, line 771]
Event: 0.505 Thread 0x000002d00737a6c0 Exception <a 'java/lang/NoSuchMethodError'{0x0000000712230680}: 'java.lang.Object java.lang.invoke.DirectMethodHandle$Holder.invokeSpecial(java.lang.Object, java.lang.Object, java.lang.Object, java.lang.Object, java.lang.Object, java.lang.Object, java.lang.Object, java.lang.Object, java.lang.Object, java.lang.Object)'> (0x0000000712230680) 
thrown [s\src\hotspot\share\interpreter\linkResolver.cpp, line 771]
Event: 0.506 Thread 0x000002d00737a6c0 Exception <a 'java/lang/NoSuchMethodError'{0x0000000712234f10}: 'java.lang.Object java.lang.invoke.Invokers$Holder.invoke_MT(java.lang.Object, java.lang.Object, java.lang.Object, java.lang.Object, java.lang.Object, java.lang.Object, java.lang.Object, java.lang.Object, java.lang.Object, java.lang.Object)'> (0x0000000712234f10) 
thrown [s\src\hotspot\share\interpreter\linkResolver.cpp, line 771]
Event: 0.507 Thread 0x000002d00737a6c0 Exception <a 'java/lang/NoSuchMethodError'{0x000000071223b1e0}: 'java.lang.Object java.lang.invoke.DirectMethodHandle$Holder.invokeStatic(java.lang.Object, java.lang.Object, int)'> (0x000000071223b1e0) 
thrown [s\src\hotspot\share\interpreter\linkResolver.cpp, line 771]
Event: 0.508 Thread 0x000002d00737a6c0 Exception <a 'java/lang/NoSuchMethodError'{0x000000071224dca0}: 'void java.lang.invoke.DelegatingMethodHandle$Holder.delegate(java.lang.Object, java.lang.Object, int, java.lang.Object)'> (0x000000071224dca0) 
thrown [s\src\hotspot\share\interpreter\linkResolver.cpp, line 771]
Event: 0.511 Thread 0x000002d00737a6c0 Exception <a 'java/lang/NoSuchMethodError'{0x000000071226e058}: 'int java.lang.invoke.DirectMethodHandle$Holder.invokeVirtual(java.lang.Object, java.lang.Object, java.lang.Object)'> (0x000000071226e058) 
thrown [s\src\hotspot\share\interpreter\linkResolver.cpp, line 771]
Event: 0.511 Thread 0x000002d00737a6c0 Exception <a 'java/lang/NoSuchMethodError'{0x0000000711a00de0}: 'int java.lang.invoke.DirectMethodHandle$Holder.invokeVirtual(java.lang.Object, java.lang.Object)'> (0x0000000711a00de0) 
thrown [s\src\hotspot\share\interpreter\linkResolver.cpp, line 771]
Event: 0.512 Thread 0x000002d00737a6c0 Exception <a 'java/lang/NoSuchMethodError'{0x0000000711a052b8}: 'int java.lang.invoke.DirectMethodHandle$Holder.invokeStaticInit(java.lang.Object, java.lang.Object, java.lang.Object)'> (0x0000000711a052b8) 
thrown [s\src\hotspot\share\interpreter\linkResolver.cpp, line 771]
Event: 0.512 Thread 0x000002d00737a6c0 Exception <a 'java/lang/NoSuchMethodError'{0x0000000711a08e10}: 'int java.lang.invoke.DirectMethodHandle$Holder.invokeStaticInit(java.lang.Object, int, int)'> (0x0000000711a08e10) 
thrown [s\src\hotspot\share\interpreter\linkResolver.cpp, line 771]
Event: 0.513 Thread 0x000002d00737a6c0 Exception <a 'java/lang/NoSuchMethodError'{0x0000000711a108a8}: 'int java.lang.invoke.DirectMethodHandle$Holder.invokeStaticInit(java.lang.Object, long, long)'> (0x0000000711a108a8) 
thrown [s\src\hotspot\share\interpreter\linkResolver.cpp, line 771]
Event: 0.513 Thread 0x000002d00737a6c0 Exception <a 'java/lang/NoSuchMethodError'{0x0000000711a179a0}: 'int java.lang.invoke.DirectMethodHandle$Holder.invokeStaticInit(java.lang.Object, float, float)'> (0x0000000711a179a0) 
thrown [s\src\hotspot\share\interpreter\linkResolver.cpp, line 771]
Event: 0.514 Thread 0x000002d00737a6c0 Exception <a 'java/lang/NoSuchMethodError'{0x0000000711a1eaa0}: 'int java.lang.invoke.DirectMethodHandle$Holder.invokeStaticInit(java.lang.Object, double, double)'> (0x0000000711a1eaa0) 
thrown [s\src\hotspot\share\interpreter\linkResolver.cpp, line 771]
Event: 0.515 Thread 0x000002d00737a6c0 Exception <a 'java/lang/NoSuchMethodError'{0x0000000711a23350}: 'int java.lang.invoke.DirectMethodHandle$Holder.invokeStatic(java.lang.Object, long)'> (0x0000000711a23350) 
thrown [s\src\hotspot\share\interpreter\linkResolver.cpp, line 771]
Event: 0.518 Thread 0x000002d00737a6c0 Exception <a 'java/lang/NoSuchMethodError'{0x0000000711a477f0}: 'int java.lang.invoke.Invokers$Holder.linkToTargetMethod(java.lang.Object, java.lang.Object)'> (0x0000000711a477f0) 
thrown [s\src\hotspot\share\interpreter\linkResolver.cpp, line 771]
Event: 0.521 Thread 0x000002cfa18bc6f0 Exception <a 'java/lang/NoSuchMethodError'{0x0000000711a7aea0}: setPacketValue> (0x0000000711a7aea0) 
thrown [s\src\hotspot\share\prims\jni.cpp, line 1093]
Event: 4.513 Thread 0x000002d00737a6c0 Exception <a 'java/lang/NoSuchMethodError'{0x0000000711b50c20}: 'java.lang.Object java.lang.invoke.DirectMethodHandle$Holder.invokeSpecial(java.lang.Object, java.lang.Object, java.lang.Object, int, java.lang.Object)'> (0x0000000711b50c20) 
thrown [s\src\hotspot\share\interpreter\linkResolver.cpp, line 771]
Event: 4.513 Thread 0x000002d00737a6c0 Exception <a 'java/lang/NoSuchMethodError'{0x0000000711801000}: 'java.lang.Object java.lang.invoke.Invokers$Holder.linkToTargetMethod(java.lang.Object, int, java.lang.Object, java.lang.Object)'> (0x0000000711801000) 
thrown [s\src\hotspot\share\interpreter\linkResolver.cpp, line 771]
Event: 4.520 Thread 0x000002d0075c8d70 Exception <a 'java/lang/NoSuchMethodError'{0x0000000711880db0}: 'java.lang.Object java.lang.invoke.DirectMethodHandle$Holder.newInvokeSpecial(java.lang.Object, java.lang.Object, java.lang.Object, int, int, int, int, int)'> (0x0000000711880db0) 
thrown [s\src\hotspot\share\interpreter\linkResolver.cpp, line 771]
Event: 4.567 Thread 0x000002d00737a6c0 Exception <a 'java/lang/NoSuchMethodError'{0x00000007118707e8}: 'int java.lang.invoke.DirectMethodHandle$Holder.invokeStatic(java.lang.Object)'> (0x00000007118707e8) 
thrown [s\src\hotspot\share\interpreter\linkResolver.cpp, line 771]

VM Operations (20 events):
Event: 4.509 Executing VM operation: HandshakeAllThreads
Event: 4.509 Executing VM operation: HandshakeAllThreads done
Event: 4.509 Executing VM operation: HandshakeAllThreads
Event: 4.509 Executing VM operation: HandshakeAllThreads done
Event: 5.517 Executing VM operation: Cleanup
Event: 5.517 Executing VM operation: Cleanup done
Event: 6.521 Executing VM operation: Cleanup
Event: 6.521 Executing VM operation: Cleanup done
Event: 7.525 Executing VM operation: Cleanup
Event: 7.525 Executing VM operation: Cleanup done
Event: 8.539 Executing VM operation: Cleanup
Event: 8.539 Executing VM operation: Cleanup done
Event: 9.539 Executing VM operation: Cleanup
Event: 9.539 Executing VM operation: Cleanup done
Event: 10.546 Executing VM operation: Cleanup
Event: 10.546 Executing VM operation: Cleanup done
Event: 11.550 Executing VM operation: Cleanup
Event: 11.550 Executing VM operation: Cleanup done
Event: 12.554 Executing VM operation: Cleanup
Event: 12.554 Executing VM operation: Cleanup done

Events (20 events):
Event: 0.071 Thread 0x000002cfc0d65300 Thread added: 0x000002cfc0d65300
Event: 0.072 Thread 0x000002cfc0dba440 Thread added: 0x000002cfc0dba440
Event: 0.083 Loaded shared library C:\Users\MSI\.jdks\jbr-17.0.12\bin\extnet.dll
Event: 0.086 Loaded shared library C:\Users\MSI\.jdks\jbr-17.0.12\bin\jimage.dll
Event: 0.096 Loaded shared library C:\Users\MSI\.jdks\jbr-17.0.12\bin\awt.dll
Event: 0.135 Thread 0x000002cfc0f25250 Thread added: 0x000002cfc0f25250
Event: 0.136 Thread 0x000002cfc0f2d110 Thread added: 0x000002cfc0f2d110
Event: 0.137 Thread 0x000002cfc0f2de40 Thread added: 0x000002cfc0f2de40
Event: 0.236 Thread 0x000002d00737a6c0 Thread added: 0x000002d00737a6c0
Event: 0.261 Loaded shared library C:\Users\MSI\.jdks\jbr-17.0.12\bin\freetype.dll
Event: 0.262 Loaded shared library C:\Users\MSI\.jdks\jbr-17.0.12\bin\fontmanager.dll
Event: 0.491 Loaded shared library C:\Windows\System32\Jpcap.dll
Event: 0.525 Thread 0x000002cfa18bc6f0 Thread exited: 0x000002cfa18bc6f0
Event: 0.525 Thread 0x000002d0075cb5f0 Thread added: 0x000002d0075cb5f0
Event: 1.149 Thread 0x000002d0075cb0e0 Thread added: 0x000002d0075cb0e0
Event: 4.518 Thread 0x000002d0075c8d70 Thread added: 0x000002d0075c8d70
Event: 9.524 Thread 0x000002d0075c8d70 Thread exited: 0x000002d0075c8d70
Event: 11.851 Thread 0x000002d0075cabd0 Thread added: 0x000002d0075cabd0
Event: 13.073 Thread 0x000002d0075cabd0 Thread exited: 0x000002d0075cabd0
Event: 13.932 Thread 0x000002d0075c9ca0 Thread added: 0x000002d0075c9ca0


Dynamic libraries:
0x00007ff698340000 - 0x00007ff69834a000 	C:\Users\MSI\.jdks\jbr-17.0.12\bin\java.exe
0x00007ff85ddb0000 - 0x00007ff85dfa8000 	C:\Windows\SYSTEM32\ntdll.dll
0x00007ff85ce50000 - 0x00007ff85cf12000 	C:\Windows\System32\KERNEL32.DLL
0x00007ff85b480000 - 0x00007ff85b77f000 	C:\Windows\System32\KERNELBASE.dll
0x00007ff85b8e0000 - 0x00007ff85b9e0000 	C:\Windows\System32\ucrtbase.dll
0x00007ff858a70000 - 0x00007ff858a87000 	C:\Users\MSI\.jdks\jbr-17.0.12\bin\jli.dll
0x00007ff842930000 - 0x00007ff84294b000 	C:\Users\MSI\.jdks\jbr-17.0.12\bin\VCRUNTIME140.dll
0x00007ff85bf90000 - 0x00007ff85c12d000 	C:\Windows\System32\USER32.dll
0x00007ff843880000 - 0x00007ff843b1a000 	C:\Windows\WinSxS\amd64_microsoft.windows.common-controls_6595b64144ccf1df_6.0.19041.4355_none_60b8b9eb71f62e16\COMCTL32.dll
0x00007ff85b450000 - 0x00007ff85b472000 	C:\Windows\System32\win32u.dll
0x00007ff85d2a0000 - 0x00007ff85d33e000 	C:\Windows\System32\msvcrt.dll
0x00007ff85c130000 - 0x00007ff85c15b000 	C:\Windows\System32\GDI32.dll
0x00007ff85bcb0000 - 0x00007ff85bdca000 	C:\Windows\System32\gdi32full.dll
0x00007ff85b780000 - 0x00007ff85b81d000 	C:\Windows\System32\msvcp_win.dll
0x00007ff85d270000 - 0x00007ff85d29f000 	C:\Windows\System32\IMM32.DLL
0x00007ff8561d0000 - 0x00007ff8561dc000 	C:\Users\MSI\.jdks\jbr-17.0.12\bin\vcruntime140_1.dll
0x00007fffee7b0000 - 0x00007fffee83d000 	C:\Users\MSI\.jdks\jbr-17.0.12\bin\msvcp140.dll
0x00007fffbb750000 - 0x00007fffbc3da000 	C:\Users\MSI\.jdks\jbr-17.0.12\bin\server\jvm.dll
0x00007ff85dab0000 - 0x00007ff85db5f000 	C:\Windows\System32\ADVAPI32.dll
0x00007ff85bef0000 - 0x00007ff85bf8f000 	C:\Windows\System32\sechost.dll
0x00007ff85cf30000 - 0x00007ff85d053000 	C:\Windows\System32\RPCRT4.dll
0x00007ff85bc80000 - 0x00007ff85bca7000 	C:\Windows\System32\bcrypt.dll
0x00007ff85c710000 - 0x00007ff85c77b000 	C:\Windows\System32\WS2_32.dll
0x00007ff85a960000 - 0x00007ff85a9ab000 	C:\Windows\SYSTEM32\POWRPROF.dll
0x00007ff8566d0000 - 0x00007ff8566da000 	C:\Windows\SYSTEM32\VERSION.dll
0x00007ff8496e0000 - 0x00007ff849707000 	C:\Windows\SYSTEM32\WINMM.dll
0x00007ff85a820000 - 0x00007ff85a832000 	C:\Windows\SYSTEM32\UMPDC.dll
0x00007ff859b90000 - 0x00007ff859ba2000 	C:\Windows\SYSTEM32\kernel.appcore.dll
0x00007ff838310000 - 0x00007ff83831a000 	C:\Users\MSI\.jdks\jbr-17.0.12\bin\jimage.dll
0x00007ff848da0000 - 0x00007ff848f84000 	C:\Windows\SYSTEM32\DBGHELP.DLL
0x00007ff84b200000 - 0x00007ff84b234000 	C:\Windows\SYSTEM32\dbgcore.DLL
0x00007ff85bbf0000 - 0x00007ff85bc72000 	C:\Windows\System32\bcryptPrimitives.dll
0x00007ff836180000 - 0x00007ff83618e000 	C:\Users\MSI\.jdks\jbr-17.0.12\bin\instrument.dll
0x00007ff821c50000 - 0x00007ff821c75000 	C:\Users\MSI\.jdks\jbr-17.0.12\bin\java.dll
0x00007fffebfb0000 - 0x00007fffec087000 	C:\Users\MSI\.jdks\jbr-17.0.12\bin\jsvml.dll
0x00007ff85d340000 - 0x00007ff85daad000 	C:\Windows\System32\SHELL32.dll
0x00007ff859330000 - 0x00007ff859ad4000 	C:\Windows\SYSTEM32\windows.storage.dll
0x00007ff85ca70000 - 0x00007ff85cdc5000 	C:\Windows\System32\combase.dll
0x00007ff85ae80000 - 0x00007ff85aeaf000 	C:\Windows\SYSTEM32\Wldp.dll
0x00007ff85c160000 - 0x00007ff85c22d000 	C:\Windows\System32\OLEAUT32.dll
0x00007ff85c9b0000 - 0x00007ff85ca5d000 	C:\Windows\System32\SHCORE.dll
0x00007ff85cdd0000 - 0x00007ff85ce25000 	C:\Windows\System32\shlwapi.dll
0x00007ff85b380000 - 0x00007ff85b3a4000 	C:\Windows\SYSTEM32\profapi.dll
0x00007ff8331a0000 - 0x00007ff8331b8000 	C:\Users\MSI\.jdks\jbr-17.0.12\bin\zip.dll
0x00007ff80a040000 - 0x00007ff80a059000 	C:\Users\MSI\.jdks\jbr-17.0.12\bin\net.dll
0x00007ff854920000 - 0x00007ff854a2a000 	C:\Windows\SYSTEM32\WINHTTP.dll
0x00007ff85abc0000 - 0x00007ff85ac2c000 	C:\Windows\system32\mswsock.dll
0x00007ff8098d0000 - 0x00007ff8098e6000 	C:\Users\MSI\.jdks\jbr-17.0.12\bin\nio.dll
0x00007ff803bd0000 - 0x00007ff803bea000 	C:\Program Files\JetBrains\IntelliJ IDEA Community Edition 2024.3.1.1\bin\breakgen64.dll
0x00007ff8275e0000 - 0x00007ff8275e9000 	C:\Users\MSI\.jdks\jbr-17.0.12\bin\extnet.dll
0x00007fffdc690000 - 0x00007fffdc82a000 	C:\Users\MSI\.jdks\jbr-17.0.12\bin\awt.dll
0x00007ff859b30000 - 0x00007ff859b5f000 	C:\Windows\SYSTEM32\dwmapi.dll
0x00007fffea5c0000 - 0x00007fffea604000 	C:\Users\MSI\.jdks\jbr-17.0.12\bin\nvdaControllerClient64.dll
0x00007ff8573d0000 - 0x00007ff857464000 	C:\Windows\SYSTEM32\apphelp.dll
0x00007ff858cf0000 - 0x00007ff858d8e000 	C:\Windows\system32\uxtheme.dll
0x00007ff85bdd0000 - 0x00007ff85bee5000 	C:\Windows\System32\MSCTF.dll
0x00007ff85dc40000 - 0x00007ff85dd6b000 	C:\Windows\System32\ole32.dll
0x00007ff831410000 - 0x00007ff831538000 	C:\Windows\system32\opengl32.dll
0x00007ff8468b0000 - 0x00007ff8468dc000 	C:\Windows\SYSTEM32\GLU32.dll
0x00007ff843b20000 - 0x00007ff843cc8000 	C:\Windows\WinSxS\amd64_microsoft.windows.gdiplus_6595b64144ccf1df_1.1.19041.5369_none_91a453e0cc8824e6\gdiplus.dll
0x00007fffe9cc0000 - 0x00007fffe9d47000 	C:\Users\MSI\.jdks\jbr-17.0.12\bin\freetype.dll
0x00007fffe4c10000 - 0x00007fffe4cf5000 	C:\Users\MSI\.jdks\jbr-17.0.12\bin\fontmanager.dll
0x00007ff85c790000 - 0x00007ff85c839000 	C:\Windows\System32\clbcatq.dll
0x00007ff858aa0000 - 0x00007ff858c54000 	C:\Windows\SYSTEM32\WindowsCodecs.dll
0x00007ff830c10000 - 0x00007ff830c4e000 	C:\Windows\system32\dataexchange.dll
0x00007ff8566e0000 - 0x00007ff8568c4000 	C:\Windows\system32\dcomp.dll
0x00007ff8570f0000 - 0x00007ff857353000 	C:\Windows\system32\d3d11.dll
0x00007ff859c90000 - 0x00007ff859d86000 	C:\Windows\system32\dxgi.dll
0x00007ff853c30000 - 0x00007ff853e33000 	C:\Windows\system32\twinapi.appcore.dll
0x00007ff8395f0000 - 0x00007ff8396e9000 	C:\Windows\SYSTEM32\textinputframework.dll
0x00007ff854f10000 - 0x00007ff85526b000 	C:\Windows\System32\CoreUIComponents.dll
0x00007ff8568d0000 - 0x00007ff8569c2000 	C:\Windows\System32\CoreMessaging.dll
0x00007ff85a6b0000 - 0x00007ff85a6e3000 	C:\Windows\SYSTEM32\ntmarta.dll
0x00007ff857dc0000 - 0x00007ff857f17000 	C:\Windows\SYSTEM32\wintypes.dll
0x00007fffea7b0000 - 0x00007fffea7e9000 	C:\Windows\System32\Jpcap.dll
0x00007ff85a840000 - 0x00007ff85a87b000 	C:\Windows\SYSTEM32\IPHLPAPI.DLL
0x00007fffe5250000 - 0x00007fffe52d0000 	C:\Windows\SYSTEM32\wpcap.dll
0x00007fffe9e20000 - 0x00007fffe9e57000 	C:\Windows\SYSTEM32\packet.dll
0x00007ff85c780000 - 0x00007ff85c788000 	C:\Windows\System32\NSI.dll
0x00007ff857390000 - 0x00007ff8573a7000 	C:\Windows\SYSTEM32\dhcpcsvc6.DLL
0x00007ff8577d0000 - 0x00007ff8577ed000 	C:\Windows\SYSTEM32\dhcpcsvc.DLL

dbghelp: loaded successfully - version: 4.0.5 - missing functions: none
symbol engine: initialized successfully - sym options: 0x614 - pdb path: .;C:\Users\MSI\.jdks\jbr-17.0.12\bin;C:\Windows\SYSTEM32;C:\Windows\WinSxS\amd64_microsoft.windows.common-controls_6595b64144ccf1df_6.0.19041.4355_none_60b8b9eb71f62e16;C:\Users\MSI\.jdks\jbr-17.0.12\bin\server;C:\Program Files\JetBrains\IntelliJ IDEA Community Edition 2024.3.1.1\bin;C:\Windows\WinSxS\amd64_microsoft.windows.gdiplus_6595b64144ccf1df_1.1.19041.5369_none_91a453e0cc8824e6

VM Arguments:
jvm_args: -javaagent:C:\Program Files\JetBrains\IntelliJ IDEA Community Edition 2024.3.1.1\lib\idea_rt.jar=60871:C:\Program Files\JetBrains\IntelliJ IDEA Community Edition 2024.3.1.1\bin -Dfile.encoding=UTF-8 
java_command: Sniffer
java_class_path (initial): D:\OS project\PacketSnifferandAnalyzer\out\production\PacketSnifferandAnalyzer;D:\Packet_Sniffer-master\Packet_Sniffer-master\Packet Capture + Example\jars\net.sourceforge.jpcap-0.01.16.jar;D:\Packet_Sniffer-master\Packet_Sniffer-master\Packet Capture + Example\jars\fooware_CommandLine-1.0.jar;D:\Packet_Sniffer-master\Packet_Sniffer-master\Packet Capture + Example\jars\dev-classes_net.ultrametrics-0.03.jar;D:\jpcap-x64-master\jpcap-x64-master\lib\jpcap.jar
Launcher Type: SUN_STANDARD

[Global flags]
     intx CICompilerCount                          = 4                                         {product} {ergonomic}
     uint ConcGCThreads                            = 3                                         {product} {ergonomic}
     uint G1ConcRefinementThreads                  = 10                                        {product} {ergonomic}
   size_t G1HeapRegionSize                         = 2097152                                   {product} {ergonomic}
    uintx GCDrainStackTargetSize                   = 64                                        {product} {ergonomic}
   size_t InitialHeapSize                          = 266338304                                 {product} {ergonomic}
   size_t MarkStackSize                            = 4194304                                   {product} {ergonomic}
   size_t MaxHeapSize                              = 4248829952                                {product} {ergonomic}
   size_t MaxNewSize                               = 2548039680                                {product} {ergonomic}
   size_t MinHeapDeltaBytes                        = 2097152                                   {product} {ergonomic}
   size_t MinHeapSize                              = 8388608                                   {product} {ergonomic}
    uintx NonNMethodCodeHeapSize                   = 5839372                                {pd product} {ergonomic}
    uintx NonProfiledCodeHeapSize                  = 122909434                              {pd product} {ergonomic}
    uintx ProfiledCodeHeapSize                     = 122909434                              {pd product} {ergonomic}
    uintx ReservedCodeCacheSize                    = 251658240                              {pd product} {ergonomic}
     bool SegmentedCodeCache                       = true                                      {product} {ergonomic}
   size_t SoftMaxHeapSize                          = 4248829952                             {manageable} {ergonomic}
     bool UseCompressedClassPointers               = true                           {product lp64_product} {ergonomic}
     bool UseCompressedOops                        = true                           {product lp64_product} {ergonomic}
     bool UseG1GC                                  = true                                      {product} {ergonomic}
     bool UseLargePagesIndividualAllocation        = false                                  {pd product} {ergonomic}

Logging:
Log output configuration:
 #0: stdout all=warning uptime,level,tags
 #1: stderr all=off uptime,level,tags

Environment Variables:
JAVA_HOME=C:\Program Files\Java\jdk-17
PATH=C:\Python312\Scripts\;C:\Python312\;C:\Program Files\Common Files\Oracle\Java\javapath;C:\Windows\system32;C:\Windows;C:\Windows\System32\Wbem;C:\Windows\System32\WindowsPowerShell\v1.0\;C:\Windows\System32\OpenSSH\;C:\Program Files\Git\cmd;C:\Users\MSI\AppData\Local\Android\Sdk\platform-tools;C:\Users\MSI\AppData\Local\Android\Sdk\emulator;C:\flutter\flutter\bin;C:\Program Files\Microsoft SQL Server\150\Tools\Binn\;C:\Program Files\Microsoft SQL Server\Client SDK\ODBC\170\Tools\Binn\;C:\Program Files\dotnet\;C:\ProgramData\chocolatey\bin;C:\Program Files\nodejs\;C:\Program Files\Docker\Docker\resources\bin;C:\Program Files\Microchip\xc8\v2.36\bin;C:\Program Files\MongoDB\Server\8.0\bin;C:\Program Files\PuTTY\;C:\Users\MSI\AppData\Local\Programs\Python\Python313\Scripts\;C:\Users\MSI\AppData\Local\Programs\Python\Python313\;C:\Users\MSI\AppData\Local\Programs\Python\Launcher\;C:\Users\MSI\AppData\Local\Microsoft\WindowsApps;C:\Users\MSI\AppData\Local\Programs\Microsoft VS Code\bin;C:\flutter\flutter\bin;C:\Users\MSI\AppData\Local\Pandoc\;C:\Users\MSI\AppData\Local\Programs\MiKTeX\miktex\bin\x64\;C:\Users\MSI\.dotnet\tools;C:\Users\MSI\AppData\Roaming\npm;C:\Program Files\JetBrains\IntelliJ IDEA Community Edition 2024.3.1.1\bin;;C:\Program Files\MongoDB\Server\8.0\bin;C:\Users\MSI\AppData\Local\Programs\mongosh\;C:\apache-maven\bin;
USERNAME=MSI
OS=Windows_NT
PROCESSOR_IDENTIFIER=Intel64 Family 6 Model 165 Stepping 2, GenuineIntel
TMP=C:\Users\MSI\AppData\Local\Temp
TEMP=C:\Users\MSI\AppData\Local\Temp



Periodic native trim disabled

JNI global refs:
JNI global refs: 132, weak refs: 100

JNI global refs memory usage: 2107, weak refs: 1473

Process memory usage:
Resident Set Size: 118168K (0% of 16594708K total physical memory with 4368572K free physical memory)

OOME stack traces (most recent first):
Classloader memory used:
Loader bootstrap                                                                       : 1454K
Loader jdk.internal.loader.ClassLoaders$AppClassLoader                                 : 25003B
Loader jdk.internal.reflect.DelegatingClassLoader                                      : 735B


---------------  S Y S T E M  ---------------

OS:
 Windows 10 , 64 bit Build 19041 (10.0.19041.5438)
OS uptime: 0 days 7:33 hours
Hyper-V role detected

CPU: total 12 (initial active 12) (6 cores per cpu, 2 threads per core) family 6 model 165 stepping 2 microcode 0xe2, cx8, cmov, fxsr, ht, mmx, 3dnowpref, sse, sse2, sse3, ssse3, sse4.1, sse4.2, popcnt, lzcnt, tsc, tscinvbit, avx, avx2, aes, erms, clmul, bmi1, bmi2, adx, fma, vzeroupper, clflush, clflushopt, hv
Processor Information for all 12 processors :
  Max Mhz: 2592, Current Mhz: 2592, Mhz Limit: 2592

Memory: 4k page, system-wide physical 16205M (4266M free)
TotalPageFile size 25933M (AvailPageFile size 6671M)
current process WorkingSet (physical memory assigned to process): 115M, peak: 115M
current process commit charge ("private bytes"): 399M, peak: 399M

vm_info: OpenJDK 64-Bit Server VM (17.0.12+1-b1207.37) for windows-amd64 JRE (17.0.12+1-b1207.37), built on 2024-09-25 by "builduser" with MS VC++ 16.10 / 16.11 (VS2019)

END.
